F:\WORKSPACE\1\1\DEBUG\1.EXE.EMBED.MANIFEST
F:\WORKSPACE\1\1\DEBUG\1.EXE.EMBED.MANIFEST.RES
F:\WORKSPACE\1\1\DEBUG\1.EXE.INTERMEDIATE.MANIFEST
F:\WorkSpace\1\1\Debug\1.vcxprojResolveAssemblyReference.cache
F:\WorkSpace\1\1\Debug\1.write.1.tlog
F:\WorkSpace\1\1\Debug\1_manifest.rc
F:\WorkSpace\1\1\Debug\cl.command.1.tlog
F:\WorkSpace\1\1\Debug\CL.read.1.tlog
F:\WorkSpace\1\1\Debug\CL.write.1.tlog
F:\WorkSpace\1\1\Debug\link.768.read.1.tlog
F:\WorkSpace\1\1\Debug\link.768.write.1.tlog
F:\WorkSpace\1\1\Debug\link.768-cvtres.read.1.tlog
F:\WorkSpace\1\1\Debug\link.768-cvtres.write.1.tlog
F:\WorkSpace\1\1\Debug\link.command.1.tlog
F:\WorkSpace\1\1\Debug\link.read.1.tlog
F:\WorkSpace\1\1\Debug\link.write.1.tlog
F:\WorkSpace\1\1\Debug\link-cvtres.read.1.tlog
F:\WorkSpace\1\1\Debug\link-cvtres.write.1.tlog
F:\WORKSPACE\1\1\DEBUG\MAIN.OBJ
F:\WorkSpace\1\1\Debug\mt.command.1.tlog
F:\WorkSpace\1\1\Debug\mt.read.1.tlog
F:\WorkSpace\1\1\Debug\mt.write.1.tlog
F:\WorkSpace\1\1\Debug\rc.command.1.tlog
F:\WorkSpace\1\1\Debug\rc.read.1.tlog
F:\WorkSpace\1\1\Debug\rc.write.1.tlog
F:\WorkSpace\1\1\Debug\vc100.idb
F:\WORKSPACE\1\1\DEBUG\VC100.PDB
F:\WORKSPACE\1\DEBUG\1.EXE
F:\WORKSPACE\1\DEBUG\1.ILK
F:\WORKSPACE\1\DEBUG\1.PDB
