E:\DATA\数据结构设计\任务六\LIANLIANKAN\DEBUG\LLK.EXE
E:\DATA\数据结构设计\任务六\LIANLIANKAN\DEBUG\LLK.ILK
E:\DATA\数据结构设计\任务六\LIANLIANKAN\DEBUG\LLK.PDB
E:\Data\数据结构设计\任务六\Lianliankan\LLK\Debug\cl.command.1.tlog
E:\Data\数据结构设计\任务六\Lianliankan\LLK\Debug\CL.read.1.tlog
E:\Data\数据结构设计\任务六\Lianliankan\LLK\Debug\CL.write.1.tlog
E:\DATA\数据结构设计\任务六\LIANLIANKAN\LLK\DEBUG\GAMECONTROL.OBJ
E:\DATA\数据结构设计\任务六\LIANLIANKAN\LLK\DEBUG\GAMEDLG.OBJ
E:\DATA\数据结构设计\任务六\LIANLIANKAN\LLK\DEBUG\GAMELOGIC.OBJ
E:\DATA\数据结构设计\任务六\LIANLIANKAN\LLK\DEBUG\GRAPH.OBJ
E:\Data\数据结构设计\任务六\Lianliankan\LLK\Debug\link.command.1.tlog
E:\Data\数据结构设计\任务六\Lianliankan\LLK\Debug\link.read.1.tlog
E:\Data\数据结构设计\任务六\Lianliankan\LLK\Debug\link.write.1.tlog
E:\Data\数据结构设计\任务六\Lianliankan\LLK\Debug\link-cvtres.read.1.tlog
E:\Data\数据结构设计\任务六\Lianliankan\LLK\Debug\link-cvtres.write.1.tlog
E:\DATA\数据结构设计\任务六\LIANLIANKAN\LLK\DEBUG\LLK.EXE.EMBED.MANIFEST
E:\DATA\数据结构设计\任务六\LIANLIANKAN\LLK\DEBUG\LLK.EXE.EMBED.MANIFEST.RES
E:\DATA\数据结构设计\任务六\LIANLIANKAN\LLK\DEBUG\LLK.EXE.INTERMEDIATE.MANIFEST
E:\DATA\数据结构设计\任务六\LIANLIANKAN\LLK\DEBUG\LLK.OBJ
E:\DATA\数据结构设计\任务六\LIANLIANKAN\LLK\DEBUG\LLK.PCH
E:\DATA\数据结构设计\任务六\LIANLIANKAN\LLK\DEBUG\LLK.RES
E:\Data\数据结构设计\任务六\Lianliankan\LLK\Debug\LLK.write.1.tlog
E:\Data\数据结构设计\任务六\Lianliankan\LLK\Debug\LLK_manifest.rc
E:\DATA\数据结构设计\任务六\LIANLIANKAN\LLK\DEBUG\LLKDLG.OBJ
E:\Data\数据结构设计\任务六\Lianliankan\LLK\Debug\mt.command.1.tlog
E:\Data\数据结构设计\任务六\Lianliankan\LLK\Debug\mt.read.1.tlog
E:\Data\数据结构设计\任务六\Lianliankan\LLK\Debug\mt.write.1.tlog
E:\Data\数据结构设计\任务六\Lianliankan\LLK\Debug\rc.command.1.tlog
E:\Data\数据结构设计\任务六\Lianliankan\LLK\Debug\rc.read.1.tlog
E:\Data\数据结构设计\任务六\Lianliankan\LLK\Debug\rc.write.1.tlog
E:\DATA\数据结构设计\任务六\LIANLIANKAN\LLK\DEBUG\STDAFX.OBJ
E:\Data\数据结构设计\任务六\Lianliankan\LLK\Debug\vc100.idb
E:\DATA\数据结构设计\任务六\LIANLIANKAN\LLK\DEBUG\VC100.PDB
