.\Debug\Scheduler.ilk
.\Debug\Scheduler.pdb
C:\Users\Jarvis\Desktop\MyScheduler\.\Debug\Scheduler.exe
C:\Users\Jarvis\Desktop\MyScheduler\.\Debug\Scheduler.exe.intermediate.manifest
C:\Users\Jarvis\Desktop\MyScheduler\Debug\cl.command.1.tlog
C:\Users\Jarvis\Desktop\MyScheduler\Debug\CL.read.1.tlog
C:\Users\Jarvis\Desktop\MyScheduler\Debug\CL.write.1.tlog
C:\USERS\JARVIS\DESKTOP\MYSCHEDULER\DEBUG\INPUTNEWEVENTDLG.OBJ
C:\Users\Jarvis\Desktop\MyScheduler\Debug\link.command.1.tlog
C:\Users\Jarvis\Desktop\MyScheduler\Debug\link.read.1.tlog
C:\Users\Jarvis\Desktop\MyScheduler\Debug\link.write.1.tlog
C:\Users\Jarvis\Desktop\MyScheduler\Debug\link-cvtres.read.1.tlog
C:\Users\Jarvis\Desktop\MyScheduler\Debug\link-cvtres.write.1.tlog
C:\Users\Jarvis\Desktop\MyScheduler\Debug\mt.command.1.tlog
C:\Users\Jarvis\Desktop\MyScheduler\Debug\mt.read.1.tlog
C:\Users\Jarvis\Desktop\MyScheduler\Debug\mt.write.1.tlog
C:\USERS\JARVIS\DESKTOP\MYSCHEDULER\DEBUG\MYSCHEDULER.OBJ
C:\Users\Jarvis\Desktop\MyScheduler\Debug\rc.command.1.tlog
C:\Users\Jarvis\Desktop\MyScheduler\Debug\rc.read.1.tlog
C:\Users\Jarvis\Desktop\MyScheduler\Debug\rc.write.1.tlog
C:\USERS\JARVIS\DESKTOP\MYSCHEDULER\DEBUG\SCHEDULER.EXE
C:\USERS\JARVIS\DESKTOP\MYSCHEDULER\DEBUG\SCHEDULER.EXE.EMBED.MANIFEST
C:\USERS\JARVIS\DESKTOP\MYSCHEDULER\DEBUG\SCHEDULER.EXE.EMBED.MANIFEST.RES
C:\USERS\JARVIS\DESKTOP\MYSCHEDULER\DEBUG\SCHEDULER.EXE.INTERMEDIATE.MANIFEST
C:\USERS\JARVIS\DESKTOP\MYSCHEDULER\DEBUG\SCHEDULER.ILK
C:\USERS\JARVIS\DESKTOP\MYSCHEDULER\DEBUG\SCHEDULER.OBJ
C:\USERS\JARVIS\DESKTOP\MYSCHEDULER\DEBUG\SCHEDULER.PCH
C:\USERS\JARVIS\DESKTOP\MYSCHEDULER\DEBUG\SCHEDULER.PDB
C:\USERS\JARVIS\DESKTOP\MYSCHEDULER\DEBUG\SCHEDULER.RES
C:\Users\Jarvis\Desktop\MyScheduler\Debug\Scheduler.write.1.tlog
C:\Users\Jarvis\Desktop\MyScheduler\Debug\Scheduler_manifest.rc
C:\USERS\JARVIS\DESKTOP\MYSCHEDULER\DEBUG\SCHEDULERDLG.OBJ
C:\USERS\JARVIS\DESKTOP\MYSCHEDULER\DEBUG\STDAFX.OBJ
C:\Users\Jarvis\Desktop\MyScheduler\Debug\vc100.idb
C:\USERS\JARVIS\DESKTOP\MYSCHEDULER\DEBUG\VC100.PDB
