生成启动时间为 2018/6/21 10:09:24。
     1>项目“C:\Users\Jarvis\Desktop\Lianliankan\LLK\LLK.vcxproj”在节点 2 上(build 个目标)。
     1>InitializeBuildStatus:
         正在对“Debug\LLK.unsuccessfulbuild”执行 Touch 任务。
       ClCompile:
         所有输出均为最新。
         D:\Program Files (x86)\Microsoft Visual Studio 10.0\VC\bin\CL.exe /c /ZI /nologo /W3 /WX- /Od /Oy- /D WIN32 /D _WINDOWS /D _DEBUG /D _UNICODE /D UNICODE /D _AFXDLL /Gm /EHsc /RTC1 /MDd /GS /fp:precise /Zc:wchar_t /Zc:forScope /Yu"StdAfx.h" /Fp"Debug\LLK.pch" /Fo"Debug\\" /Fd"Debug\vc100.pdb" /Gd /TP /analyze- /errorReport:prompt GameLogic.cpp
         GameLogic.cpp
       ResourceCompile:
         所有输出均为最新。
       ManifestResourceCompile:
         所有输出均为最新。
       Link:
         D:\Program Files (x86)\Microsoft Visual Studio 10.0\VC\bin\link.exe /ERRORREPORT:PROMPT /OUT:"C:\Users\Jarvis\Desktop\Lianliankan\Debug\LLK.exe" /INCREMENTAL /NOLOGO /MANIFEST /ManifestFile:"Debug\LLK.exe.intermediate.manifest" /MANIFESTUAC:"level='asInvoker' uiAccess='false'" /DEBUG /PDB:"C:\Users\Jarvis\Desktop\Lianliankan\Debug\LLK.pdb" /SUBSYSTEM:WINDOWS /TLBID:1 /ENTRY:"wWinMainCRTStartup" /DYNAMICBASE /NXCOMPAT /IMPLIB:"C:\Users\Jarvis\Desktop\Lianliankan\Debug\LLK.lib" /MACHINE:X86 Debug\LLK.res
         Debug\LLK.exe.embed.manifest.res
         Debug\GameControl.obj
         Debug\GameDlg.obj
         Debug\GameLogic.obj
         Debug\Graph.obj
         Debug\LLK.obj
         Debug\LLKDlg.obj
         Debug\stdafx.obj
       Manifest:
         C:\Program Files (x86)\Microsoft SDKs\Windows\v7.0A\bin\mt.exe /nologo /verbose /out:"Debug\LLK.exe.embed.manifest" /manifest Debug\LLK.exe.intermediate.manifest "D:\Program Files (x86)\Microsoft Visual Studio 10.0\VC\Include\Manifest\dpiaware.manifest"
         所有输出均为最新。
       LinkEmbedManifest:
         所有输出均为最新。
         LLK.vcxproj -> C:\Users\Jarvis\Desktop\Lianliankan\Debug\LLK.exe
       FinalizeBuildStatus:
         正在删除文件“Debug\LLK.unsuccessfulbuild”。
         正在对“Debug\LLK.lastbuildstate”执行 Touch 任务。
     1>已完成生成项目“C:\Users\Jarvis\Desktop\Lianliankan\LLK\LLK.vcxproj”(build 个目标)的操作。

生成成功。

已用时间 00:00:00.53
