C:\Users\Jarvis\Desktop\MyScheduler\Release\cl.command.1.tlog
C:\Users\Jarvis\Desktop\MyScheduler\Release\CL.read.1.tlog
C:\Users\Jarvis\Desktop\MyScheduler\Release\CL.write.1.tlog
C:\USERS\JARVIS\DESKTOP\MYSCHEDULER\RELEASE\INPUTNEWEVENTDLG.OBJ
C:\Users\Jarvis\Desktop\MyScheduler\Release\link.command.1.tlog
C:\Users\Jarvis\Desktop\MyScheduler\Release\link.read.1.tlog
C:\Users\Jarvis\Desktop\MyScheduler\Release\link.write.1.tlog
C:\Users\Jarvis\Desktop\MyScheduler\Release\link-cvtres.read.1.tlog
C:\Users\Jarvis\Desktop\MyScheduler\Release\link-cvtres.write.1.tlog
C:\Users\Jarvis\Desktop\MyScheduler\Release\mt.command.1.tlog
C:\Users\Jarvis\Desktop\MyScheduler\Release\mt.read.1.tlog
C:\Users\Jarvis\Desktop\MyScheduler\Release\mt.write.1.tlog
C:\USERS\JARVIS\DESKTOP\MYSCHEDULER\RELEASE\MYSCHEDULER.OBJ
C:\Users\Jarvis\Desktop\MyScheduler\Release\rc.command.1.tlog
C:\Users\Jarvis\Desktop\MyScheduler\Release\rc.read.1.tlog
C:\Users\Jarvis\Desktop\MyScheduler\Release\rc.write.1.tlog
C:\USERS\JARVIS\DESKTOP\MYSCHEDULER\RELEASE\SCHEDULER.EXE
C:\USERS\JARVIS\DESKTOP\MYSCHEDULER\RELEASE\SCHEDULER.EXE.INTERMEDIATE.MANIFEST
C:\USERS\JARVIS\DESKTOP\MYSCHEDULER\RELEASE\SCHEDULER.OBJ
C:\USERS\JARVIS\DESKTOP\MYSCHEDULER\RELEASE\SCHEDULER.PCH
C:\USERS\JARVIS\DESKTOP\MYSCHEDULER\RELEASE\SCHEDULER.RES
C:\Users\Jarvis\Desktop\MyScheduler\Release\Scheduler.write.1.tlog
C:\USERS\JARVIS\DESKTOP\MYSCHEDULER\RELEASE\SCHEDULERDLG.OBJ
C:\USERS\JARVIS\DESKTOP\MYSCHEDULER\RELEASE\STDAFX.OBJ
C:\Users\Jarvis\Desktop\MyScheduler\Release\vc100.idb
C:\USERS\JARVIS\DESKTOP\MYSCHEDULER\RELEASE\VC100.PDB
