E:\资料\大二下\数据结构算法\实验\景区信息管理系统的图创建与景点管理\实验代码\GRAPHCPRO\DEBUG\GRAPHCPRO.EXE
E:\资料\大二下\数据结构算法\实验\景区信息管理系统的图创建与景点管理\实验代码\GRAPHCPRO\DEBUG\GRAPHCPRO.ILK
E:\资料\大二下\数据结构算法\实验\景区信息管理系统的图创建与景点管理\实验代码\GRAPHCPRO\DEBUG\GRAPHCPRO.PDB
E:\资料\大二下\数据结构算法\实验\景区信息管理系统的图创建与景点管理\实验代码\GraphCPro\GraphCPro\Debug\cl.command.1.tlog
E:\资料\大二下\数据结构算法\实验\景区信息管理系统的图创建与景点管理\实验代码\GraphCPro\GraphCPro\Debug\CL.read.1.tlog
E:\资料\大二下\数据结构算法\实验\景区信息管理系统的图创建与景点管理\实验代码\GraphCPro\GraphCPro\Debug\CL.write.1.tlog
E:\资料\大二下\数据结构算法\实验\景区信息管理系统的图创建与景点管理\实验代码\GRAPHCPRO\GRAPHCPRO\DEBUG\GRAPH.OBJ
E:\资料\大二下\数据结构算法\实验\景区信息管理系统的图创建与景点管理\实验代码\GRAPHCPRO\GRAPHCPRO\DEBUG\GRAPHCPRO.EXE.EMBED.MANIFEST
E:\资料\大二下\数据结构算法\实验\景区信息管理系统的图创建与景点管理\实验代码\GRAPHCPRO\GRAPHCPRO\DEBUG\GRAPHCPRO.EXE.EMBED.MANIFEST.RES
E:\资料\大二下\数据结构算法\实验\景区信息管理系统的图创建与景点管理\实验代码\GRAPHCPRO\GRAPHCPRO\DEBUG\GRAPHCPRO.EXE.INTERMEDIATE.MANIFEST
E:\资料\大二下\数据结构算法\实验\景区信息管理系统的图创建与景点管理\实验代码\GraphCPro\GraphCPro\Debug\GraphCPro.vcxprojResolveAssemblyReference.cache
E:\资料\大二下\数据结构算法\实验\景区信息管理系统的图创建与景点管理\实验代码\GraphCPro\GraphCPro\Debug\GraphCPro.write.1.tlog
E:\资料\大二下\数据结构算法\实验\景区信息管理系统的图创建与景点管理\实验代码\GraphCPro\GraphCPro\Debug\GraphCPro_manifest.rc
E:\资料\大二下\数据结构算法\实验\景区信息管理系统的图创建与景点管理\实验代码\GraphCPro\GraphCPro\Debug\link.3148.read.1.tlog
E:\资料\大二下\数据结构算法\实验\景区信息管理系统的图创建与景点管理\实验代码\GraphCPro\GraphCPro\Debug\link.3148.write.1.tlog
E:\资料\大二下\数据结构算法\实验\景区信息管理系统的图创建与景点管理\实验代码\GraphCPro\GraphCPro\Debug\link.3148-cvtres.read.1.tlog
E:\资料\大二下\数据结构算法\实验\景区信息管理系统的图创建与景点管理\实验代码\GraphCPro\GraphCPro\Debug\link.3148-cvtres.write.1.tlog
E:\资料\大二下\数据结构算法\实验\景区信息管理系统的图创建与景点管理\实验代码\GraphCPro\GraphCPro\Debug\link.3796.read.1.tlog
E:\资料\大二下\数据结构算法\实验\景区信息管理系统的图创建与景点管理\实验代码\GraphCPro\GraphCPro\Debug\link.3796.write.1.tlog
E:\资料\大二下\数据结构算法\实验\景区信息管理系统的图创建与景点管理\实验代码\GraphCPro\GraphCPro\Debug\link.3796-cvtres.read.1.tlog
E:\资料\大二下\数据结构算法\实验\景区信息管理系统的图创建与景点管理\实验代码\GraphCPro\GraphCPro\Debug\link.3796-cvtres.write.1.tlog
E:\资料\大二下\数据结构算法\实验\景区信息管理系统的图创建与景点管理\实验代码\GraphCPro\GraphCPro\Debug\link.3876.read.1.tlog
E:\资料\大二下\数据结构算法\实验\景区信息管理系统的图创建与景点管理\实验代码\GraphCPro\GraphCPro\Debug\link.3876.write.1.tlog
E:\资料\大二下\数据结构算法\实验\景区信息管理系统的图创建与景点管理\实验代码\GraphCPro\GraphCPro\Debug\link.3876-cvtres.read.1.tlog
E:\资料\大二下\数据结构算法\实验\景区信息管理系统的图创建与景点管理\实验代码\GraphCPro\GraphCPro\Debug\link.3876-cvtres.write.1.tlog
E:\资料\大二下\数据结构算法\实验\景区信息管理系统的图创建与景点管理\实验代码\GraphCPro\GraphCPro\Debug\link.6428.read.1.tlog
E:\资料\大二下\数据结构算法\实验\景区信息管理系统的图创建与景点管理\实验代码\GraphCPro\GraphCPro\Debug\link.6428.write.1.tlog
E:\资料\大二下\数据结构算法\实验\景区信息管理系统的图创建与景点管理\实验代码\GraphCPro\GraphCPro\Debug\link.6428-cvtres.read.1.tlog
E:\资料\大二下\数据结构算法\实验\景区信息管理系统的图创建与景点管理\实验代码\GraphCPro\GraphCPro\Debug\link.6428-cvtres.write.1.tlog
E:\资料\大二下\数据结构算法\实验\景区信息管理系统的图创建与景点管理\实验代码\GraphCPro\GraphCPro\Debug\link.9544.read.1.tlog
E:\资料\大二下\数据结构算法\实验\景区信息管理系统的图创建与景点管理\实验代码\GraphCPro\GraphCPro\Debug\link.9544.write.1.tlog
E:\资料\大二下\数据结构算法\实验\景区信息管理系统的图创建与景点管理\实验代码\GraphCPro\GraphCPro\Debug\link.9544-cvtres.read.1.tlog
E:\资料\大二下\数据结构算法\实验\景区信息管理系统的图创建与景点管理\实验代码\GraphCPro\GraphCPro\Debug\link.9544-cvtres.write.1.tlog
E:\资料\大二下\数据结构算法\实验\景区信息管理系统的图创建与景点管理\实验代码\GraphCPro\GraphCPro\Debug\link.9676.read.1.tlog
E:\资料\大二下\数据结构算法\实验\景区信息管理系统的图创建与景点管理\实验代码\GraphCPro\GraphCPro\Debug\link.9676.write.1.tlog
E:\资料\大二下\数据结构算法\实验\景区信息管理系统的图创建与景点管理\实验代码\GraphCPro\GraphCPro\Debug\link.9676-cvtres.read.1.tlog
E:\资料\大二下\数据结构算法\实验\景区信息管理系统的图创建与景点管理\实验代码\GraphCPro\GraphCPro\Debug\link.9676-cvtres.write.1.tlog
E:\资料\大二下\数据结构算法\实验\景区信息管理系统的图创建与景点管理\实验代码\GraphCPro\GraphCPro\Debug\link.command.1.tlog
E:\资料\大二下\数据结构算法\实验\景区信息管理系统的图创建与景点管理\实验代码\GraphCPro\GraphCPro\Debug\link.read.1.tlog
E:\资料\大二下\数据结构算法\实验\景区信息管理系统的图创建与景点管理\实验代码\GraphCPro\GraphCPro\Debug\link.write.1.tlog
E:\资料\大二下\数据结构算法\实验\景区信息管理系统的图创建与景点管理\实验代码\GraphCPro\GraphCPro\Debug\link-cvtres.read.1.tlog
E:\资料\大二下\数据结构算法\实验\景区信息管理系统的图创建与景点管理\实验代码\GraphCPro\GraphCPro\Debug\link-cvtres.write.1.tlog
E:\资料\大二下\数据结构算法\实验\景区信息管理系统的图创建与景点管理\实验代码\GRAPHCPRO\GRAPHCPRO\DEBUG\MAIN.OBJ
E:\资料\大二下\数据结构算法\实验\景区信息管理系统的图创建与景点管理\实验代码\GraphCPro\GraphCPro\Debug\mt.command.1.tlog
E:\资料\大二下\数据结构算法\实验\景区信息管理系统的图创建与景点管理\实验代码\GraphCPro\GraphCPro\Debug\mt.read.1.tlog
E:\资料\大二下\数据结构算法\实验\景区信息管理系统的图创建与景点管理\实验代码\GraphCPro\GraphCPro\Debug\mt.write.1.tlog
E:\资料\大二下\数据结构算法\实验\景区信息管理系统的图创建与景点管理\实验代码\GraphCPro\GraphCPro\Debug\rc.command.1.tlog
E:\资料\大二下\数据结构算法\实验\景区信息管理系统的图创建与景点管理\实验代码\GraphCPro\GraphCPro\Debug\rc.read.1.tlog
E:\资料\大二下\数据结构算法\实验\景区信息管理系统的图创建与景点管理\实验代码\GraphCPro\GraphCPro\Debug\rc.write.1.tlog
E:\资料\大二下\数据结构算法\实验\景区信息管理系统的图创建与景点管理\实验代码\GRAPHCPRO\GRAPHCPRO\DEBUG\TOURISM.OBJ
E:\资料\大二下\数据结构算法\实验\景区信息管理系统的图创建与景点管理\实验代码\GraphCPro\GraphCPro\Debug\vc100.idb
E:\资料\大二下\数据结构算法\实验\景区信息管理系统的图创建与景点管理\实验代码\GRAPHCPRO\GRAPHCPRO\DEBUG\VC100.PDB
