生成启动时间为 2018/6/2 23:40:07。
     1>项目“F:\WorkSpace\2\2\2.vcxproj”在节点 2 上(build 个目标)。
     1>InitializeBuildStatus:
         正在对“Debug\2.unsuccessfulbuild”执行 Touch 任务。
       ClCompile:
         D:\Program Files (x86)\Microsoft Visual Studio 10.0\VC\bin\CL.exe /c /ZI /nologo /W3 /WX- /Od /Oy- /D WIN32 /D _DEBUG /D _WINDOWS /D _MBCS /D _AFXDLL /Gm /EHsc /RTC1 /MDd /GS /fp:precise /Zc:wchar_t /Zc:forScope /Fo"Debug\\" /Fd"Debug\vc100.pdb" /Gd /TP /analyze- /errorReport:prompt Main.cpp
         Main.cpp
         _WIN32_WINNT not defined. Defaulting to _WIN32_WINNT_MAXVER (see WinSDKVer.h)
     1>f:\workspace\2\2\main.cpp(60): warning C4101: “hmenu”: 未引用的局部变量
     1>f:\workspace\2\2\main.cpp(91): warning C4700: 使用了未初始化的局部变量“hf”
       ResourceCompile:
         所有输出均为最新。
       ManifestResourceCompile:
         所有输出均为最新。
       Link:
         D:\Program Files (x86)\Microsoft Visual Studio 10.0\VC\bin\link.exe /ERRORREPORT:PROMPT /OUT:"F:\WorkSpace\2\Debug\2.exe" /INCREMENTAL /NOLOGO /MANIFEST /ManifestFile:"Debug\2.exe.intermediate.manifest" /MANIFESTUAC:"level='asInvoker' uiAccess='false'" /DEBUG /PDB:"F:\WorkSpace\2\Debug\2.pdb" /SUBSYSTEM:WINDOWS /TLBID:1 /DYNAMICBASE /NXCOMPAT /IMPLIB:"F:\WorkSpace\2\Debug\2.lib" /MACHINE:X86 Debug\Menu.res
         Debug\2.exe.embed.manifest.res
         Debug\Main.obj
       Manifest:
         C:\Program Files (x86)\Microsoft SDKs\Windows\v7.0A\bin\mt.exe /nologo /verbose /out:"Debug\2.exe.embed.manifest" /manifest Debug\2.exe.intermediate.manifest "D:\Program Files (x86)\Microsoft Visual Studio 10.0\VC\Include\Manifest\dpiaware.manifest"
         所有输出均为最新。
       LinkEmbedManifest:
         所有输出均为最新。
         2.vcxproj -> F:\WorkSpace\2\Debug\2.exe
       FinalizeBuildStatus:
         正在删除文件“Debug\2.unsuccessfulbuild”。
         正在对“Debug\2.lastbuildstate”执行 Touch 任务。
     1>已完成生成项目“F:\WorkSpace\2\2\2.vcxproj”(build 个目标)的操作。

生成成功。

已用时间 00:00:01.08
