生成启动时间为 2018/6/28 16:52:01。
     1>项目“E:\Data\数据结构设计\任务八\Lianliankan\LLK\LLK.vcxproj”在节点 2 上(build 个目标)。
     1>InitializeBuildStatus:
         正在创建“Debug\LLK.unsuccessfulbuild”，因为已指定“AlwaysCreate”。
       ClCompile:
         D:\Program Files (x86)\Microsoft Visual Studio 10.0\VC\bin\CL.exe /c /ZI /nologo /W3 /WX- /Od /Oy- /D WIN32 /D _WINDOWS /D _DEBUG /D _UNICODE /D UNICODE /D _AFXDLL /Gm /EHsc /RTC1 /MDd /GS /fp:precise /Zc:wchar_t /Zc:forScope /Yc"StdAfx.h" /Fp"Debug\LLK.pch" /Fo"Debug\\" /Fd"Debug\vc100.pdb" /Gd /TP /analyze- /errorReport:prompt stdafx.cpp
         stdafx.cpp
         D:\Program Files (x86)\Microsoft Visual Studio 10.0\VC\bin\CL.exe /c /ZI /nologo /W3 /WX- /Od /Oy- /D WIN32 /D _WINDOWS /D _DEBUG /D _UNICODE /D UNICODE /D _AFXDLL /Gm /EHsc /RTC1 /MDd /GS /fp:precise /Zc:wchar_t /Zc:forScope /Yu"StdAfx.h" /Fp"Debug\LLK.pch" /Fo"Debug\\" /Fd"Debug\vc100.pdb" /Gd /TP /analyze- /errorReport:prompt GameControl.cpp GameDlg.cpp GameLogic.cpp Graph.cpp HelpDialog.cpp LLK.cpp LLKDlg.cpp SetDlg.cpp
         SetDlg.cpp
         LLKDlg.cpp
         LLK.cpp
         HelpDialog.cpp
         Graph.cpp
         GameLogic.cpp
         GameDlg.cpp
         GameControl.cpp
         正在生成代码...
       ResourceCompile:
         C:\Program Files (x86)\Microsoft SDKs\Windows\v7.0A\bin\rc.exe /D _DEBUG /D _UNICODE /D UNICODE /D _AFXDLL /l"0x0409" /IDebug\ /nologo /fo"Debug\LLK.res" LLK.rc 
       ManifestResourceCompile:
         C:\Program Files (x86)\Microsoft SDKs\Windows\v7.0A\bin\rc.exe /nologo /fo"Debug\LLK.exe.embed.manifest.res" Debug\LLK_manifest.rc 
       Link:
         D:\Program Files (x86)\Microsoft Visual Studio 10.0\VC\bin\link.exe /ERRORREPORT:PROMPT /OUT:"E:\Data\数据结构设计\任务八\Lianliankan\Debug\LLK.exe" /INCREMENTAL /NOLOGO /MANIFEST /ManifestFile:"Debug\LLK.exe.intermediate.manifest" /MANIFESTUAC:"level='asInvoker' uiAccess='false'" /DEBUG /PDB:"E:\Data\数据结构设计\任务八\Lianliankan\Debug\LLK.pdb" /SUBSYSTEM:WINDOWS /TLBID:1 /ENTRY:"wWinMainCRTStartup" /DYNAMICBASE /NXCOMPAT /IMPLIB:"E:\Data\数据结构设计\任务八\Lianliankan\Debug\LLK.lib" /MACHINE:X86 Debug\LLK.res
         Debug\LLK.exe.embed.manifest.res
         Debug\GameControl.obj
         Debug\GameDlg.obj
         Debug\GameLogic.obj
         Debug\Graph.obj
         Debug\HelpDialog.obj
         Debug\LLK.obj
         Debug\LLKDlg.obj
         Debug\SetDlg.obj
         Debug\stdafx.obj
       Manifest:
         C:\Program Files (x86)\Microsoft SDKs\Windows\v7.0A\bin\mt.exe /nologo /verbose /out:"Debug\LLK.exe.embed.manifest" /manifest Debug\LLK.exe.intermediate.manifest "D:\Program Files (x86)\Microsoft Visual Studio 10.0\VC\Include\Manifest\dpiaware.manifest"
         所有输出均为最新。
       LinkEmbedManifest:
         所有输出均为最新。
         LLK.vcxproj -> E:\Data\数据结构设计\任务八\Lianliankan\Debug\LLK.exe
       FinalizeBuildStatus:
         正在删除文件“Debug\LLK.unsuccessfulbuild”。
         正在对“Debug\LLK.lastbuildstate”执行 Touch 任务。
     1>已完成生成项目“E:\Data\数据结构设计\任务八\Lianliankan\LLK\LLK.vcxproj”(build 个目标)的操作。

生成成功。

已用时间 00:00:09.76
