生成启动时间为 2018/6/13 21:17:01。
     1>项目“E:\Data\数据结构设计\任务六\Lianliankan\LLK\LLK.vcxproj”在节点 2 上(rebuild 个目标)。
     1>PrepareForBuild:
         正在创建目录“E:\Data\数据结构设计\任务六\Lianliankan\x64\Debug\”。
       InitializeBuildStatus:
         正在创建“x64\Debug\LLK.unsuccessfulbuild”，因为已指定“AlwaysCreate”。
       ClCompile:
         D:\Program Files (x86)\Microsoft Visual Studio 10.0\VC\bin\x86_amd64\CL.exe /c /Zi /nologo /W3 /WX- /Od /D WIN32 /D _WINDOWS /D _DEBUG /D _UNICODE /D UNICODE /D _AFXDLL /Gm /EHsc /RTC1 /MDd /GS /fp:precise /Zc:wchar_t /Zc:forScope /Yc"StdAfx.h" /Fp"x64\Debug\LLK.pch" /Fo"x64\Debug\\" /Fd"x64\Debug\vc100.pdb" /Gd /TP /errorReport:prompt stdafx.cpp
         stdafx.cpp
         D:\Program Files (x86)\Microsoft Visual Studio 10.0\VC\bin\x86_amd64\CL.exe /c /Zi /nologo /W3 /WX- /Od /D WIN32 /D _WINDOWS /D _DEBUG /D _UNICODE /D UNICODE /D _AFXDLL /Gm /EHsc /RTC1 /MDd /GS /fp:precise /Zc:wchar_t /Zc:forScope /Yu"StdAfx.h" /Fp"x64\Debug\LLK.pch" /Fo"x64\Debug\\" /Fd"x64\Debug\vc100.pdb" /Gd /TP /errorReport:prompt GameControl.cpp GameDlg.cpp GameLogic.cpp LLK.cpp LLKDlg.cpp
         LLKDlg.cpp
         LLK.cpp
         GameLogic.cpp
         GameDlg.cpp
         GameControl.cpp
         Generating Code...
       ResourceCompile:
         C:\Program Files (x86)\Microsoft SDKs\Windows\v7.0A\bin\rc.exe /D _DEBUG /D _UNICODE /D UNICODE /D _AFXDLL /l"0x0409" /Ix64\Debug\ /nologo /fo"x64\Debug\LLK.res" LLK.rc 
       ManifestResourceCompile:
         C:\Program Files (x86)\Microsoft SDKs\Windows\v7.0A\bin\rc.exe /nologo /fo"x64\Debug\LLK.exe.embed.manifest.res" x64\Debug\LLK_manifest.rc 
       Link:
         D:\Program Files (x86)\Microsoft Visual Studio 10.0\VC\bin\x86_amd64\link.exe /ERRORREPORT:PROMPT /OUT:"E:\Data\数据结构设计\任务六\Lianliankan\x64\Debug\LLK.exe" /INCREMENTAL /NOLOGO /MANIFEST /ManifestFile:"x64\Debug\LLK.exe.intermediate.manifest" /MANIFESTUAC:"level='asInvoker' uiAccess='false'" /DEBUG /PDB:"E:\Data\数据结构设计\任务六\Lianliankan\x64\Debug\LLK.pdb" /SUBSYSTEM:WINDOWS /TLBID:1 /ENTRY:"wWinMainCRTStartup" /DYNAMICBASE /NXCOMPAT /IMPLIB:"E:\Data\数据结构设计\任务六\Lianliankan\x64\Debug\LLK.lib" /MACHINE:X64 x64\Debug\LLK.res
         x64\Debug\LLK.exe.embed.manifest.res
         x64\Debug\GameControl.obj
         x64\Debug\GameDlg.obj
         x64\Debug\GameLogic.obj
         x64\Debug\LLK.obj
         x64\Debug\LLKDlg.obj
         x64\Debug\stdafx.obj
     1>GameControl.obj : error LNK2019: 无法解析的外部符号 "public: void __cdecl CGameLogic::InitMap(int (* const)[4])" (?InitMap@CGameLogic@@QEAAXQEAY03H@Z)，该符号在函数 "public: void __cdecl CGameControl::StartGame(void)" (?StartGame@CGameControl@@QEAAXXZ) 中被引用
     1>E:\Data\数据结构设计\任务六\Lianliankan\x64\Debug\LLK.exe : fatal error LNK1120: 1 个无法解析的外部命令
     1>已完成生成项目“E:\Data\数据结构设计\任务六\Lianliankan\LLK\LLK.vcxproj”(rebuild 个目标)的操作 - 失败。

生成失败。

已用时间 00:00:06.43
